Using pre-set license
Built from '2020.3/staging' branch; Version is '2020.3.20f1 (41c4e627c95f) revision 4310246'; Using compiler version '192528614'; Build Type 'Release'
OS: 'Windows 10 Home; OS build 22000.469; Version 2009; 64bit' Language: 'en' Physical Memory: 16230 MB
BatchMode: 1, IsHumanControllingUs: 0, StartBugReporterOnCrash: 0, Is64bit: 1, IsPro: 0

COMMAND LINE ARGUMENTS:
D:\Unity\2020.3.20f1\Editor\Unity.exe
-adb2
-batchMode
-noUpm
-name
AssetImportWorker0
-projectPath
D:/Ngee Ann/Mirror/year 2/Sem 2/IP project/IP-Asg2/IP asg 2
-logFile
Logs/AssetImportWorker0.log
-srvPort
57890
Successfully changed project path to: D:/Ngee Ann/Mirror/year 2/Sem 2/IP project/IP-Asg2/IP asg 2
D:/Ngee Ann/Mirror/year 2/Sem 2/IP project/IP-Asg2/IP asg 2
Using Asset Import Pipeline V2.
Refreshing native plugins compatible for Editor in 147.91 ms, found 21 plugins.
Preloading 1 native plugins for Editor in 2.51 ms.
Initialize engine version: 2020.3.20f1 (41c4e627c95f)
[Subsystems] Discovering subsystems at path D:/Unity/2020.3.20f1/Editor/Data/Resources/UnitySubsystems
[Subsystems] Discovering subsystems at path D:/Ngee Ann/Mirror/year 2/Sem 2/IP project/IP-Asg2/IP asg 2/Assets
GfxDevice: creating device client; threaded=0
Direct3D:
    Version:  Direct3D 11.0 [level 11.1]
    Renderer: NVIDIA GeForce GTX 1060 (ID=0x1c20)
    Vendor:   
    VRAM:     6052 MB
    Driver:   30.0.15.1165
Initialize mono
Mono path[0] = 'D:/Unity/2020.3.20f1/Editor/Data/Managed'
Mono path[1] = 'D:/Unity/2020.3.20f1/Editor/Data/MonoBleedingEdge/lib/mono/unityjit'
Mono config path = 'D:/Unity/2020.3.20f1/Editor/Data/MonoBleedingEdge/etc'
Using monoOptions --debugger-agent=transport=dt_socket,embedding=1,server=y,suspend=n,address=127.0.0.1:56172
Begin MonoManager ReloadAssembly
Registering precompiled unity dll's ...
Register platform support module: D:/Unity/2020.3.20f1/Editor/Data/PlaybackEngines/WindowsStandaloneSupport/UnityEditor.WindowsStandalone.Extensions.dll
Registered in 0.003832 seconds.
Native extension for WindowsStandalone target not found
Refreshing native plugins compatible for Editor in 88.01 ms, found 21 plugins.
Preloading 1 native plugins for Editor in 0.19 ms.
Mono: successfully reloaded assembly
- Completed reload, in  2.360 seconds
Domain Reload Profiling:
	ReloadAssembly (2360ms)
		BeginReloadAssembly (68ms)
			ExecutionOrderSort (0ms)
			DisableScriptedObjects (0ms)
			BackupInstance (0ms)
			ReleaseScriptingObjects (0ms)
			CreateAndSetChildDomain (1ms)
		EndReloadAssembly (530ms)
			LoadAssemblies (63ms)
			RebuildTransferFunctionScriptingTraits (0ms)
			SetupTypeCache (181ms)
			ReleaseScriptCaches (0ms)
			RebuildScriptCaches (31ms)
			SetupLoadedEditorAssemblies (216ms)
				LogAssemblyErrors (0ms)
				InitializePlatformSupportModulesInManaged (4ms)
				SetLoadedEditorAssemblies (0ms)
				RefreshPlugins (88ms)
				BeforeProcessingInitializeOnLoad (21ms)
				ProcessInitializeOnLoadAttributes (75ms)
				ProcessInitializeOnLoadMethodAttributes (28ms)
				AfterProcessingInitializeOnLoad (0ms)
				EditorAssembliesLoaded (0ms)
			ExecutionOrderSort2 (0ms)
			AwakeInstancesAfterBackupRestoration (0ms)
Platform modules already initialized, skipping
Registering precompiled user dll's ...
Registered in 0.040491 seconds.
Begin MonoManager ReloadAssembly
Native extension for WindowsStandalone target not found
Refreshing native plugins compatible for Editor in 87.67 ms, found 21 plugins.
Preloading 1 native plugins for Editor in 0.19 ms.
Mono: successfully reloaded assembly
- Completed reload, in  1.610 seconds
Domain Reload Profiling:
	ReloadAssembly (1611ms)
		BeginReloadAssembly (158ms)
			ExecutionOrderSort (0ms)
			DisableScriptedObjects (4ms)
			BackupInstance (0ms)
			ReleaseScriptingObjects (0ms)
			CreateAndSetChildDomain (19ms)
		EndReloadAssembly (1368ms)
			LoadAssemblies (141ms)
			RebuildTransferFunctionScriptingTraits (0ms)
			SetupTypeCache (391ms)
			ReleaseScriptCaches (1ms)
			RebuildScriptCaches (66ms)
			SetupLoadedEditorAssemblies (546ms)
				LogAssemblyErrors (0ms)
				InitializePlatformSupportModulesInManaged (4ms)
				SetLoadedEditorAssemblies (0ms)
				RefreshPlugins (88ms)
				BeforeProcessingInitializeOnLoad (166ms)
				ProcessInitializeOnLoadAttributes (265ms)
				ProcessInitializeOnLoadMethodAttributes (10ms)
				AfterProcessingInitializeOnLoad (13ms)
				EditorAssembliesLoaded (0ms)
			ExecutionOrderSort2 (0ms)
			AwakeInstancesAfterBackupRestoration (7ms)
Platform modules already initialized, skipping
========================================================================
Worker process is ready to serve import requests
Launched and connected shader compiler UnityShaderCompiler.exe after 0.14 seconds
Refreshing native plugins compatible for Editor in 1.26 ms, found 21 plugins.
Preloading 1 native plugins for Editor in 0.16 ms.
Unloading 4293 Unused Serialized files (Serialized files now loaded: 0)
System memory in use before: 256.6 MB.
System memory in use after: 256.9 MB.

Unloading 79 unused Assets to reduce memory usage. Loaded Objects now: 4690.
Total: 4.758500 ms (FindLiveObjects: 0.460000 ms CreateObjectMapping: 0.222100 ms MarkObjects: 3.975500 ms  DeleteObjects: 0.099500 ms)

AssetImportParameters requested are different than current active one (requested -> active):
  custom:framework-win-MediaFoundation: 216162199b28c13a410421893ffa2e32 -> 
  custom:video-decoder-ogg-theora: a1e56fd34408186e4bbccfd4996cb3dc -> 
  custom:container-muxer-webm: aa71ff27fc2769a1b78a27578f13a17b -> 
  custom:container-demuxer-webm: 4f35f7cbe854078d1ac9338744f61a02 -> 
  custom:container-demuxer-ogg: 62fdf1f143b41e24485cea50d1cbac27 -> 
  custom:video-encoder-webm-vp8: eb34c28f22e8b96e1ab97ce403110664 -> 
  custom:video-decoder-webm-vp8: 9c59270c3fd7afecdb556c50c9e8de78 -> 
  custom:audio-decoder-ogg-vorbis: bf7c407c2cedff20999df2af8eb42d56 -> 
  custom:audio-encoder-webm-vorbis: bf7c407c2cedff20999df2af8eb42d56 -> 
========================================================================
Received Import Request.
  path: Assets/Audio/Note sounds/4th_octave
  artifactKey: Guid(a44ec3dc2502e0a468e8952f4a6e8cc5) Importer(815301076,1909f56bfc062723c751e8b465ee728b)
Start importing Assets/Audio/Note sounds/4th_octave using Guid(a44ec3dc2502e0a468e8952f4a6e8cc5) Importer(815301076,1909f56bfc062723c751e8b465ee728b)  -> (artifact id: '1cb6b06ebe696afa4081057f808a235e') in 0.047951 seconds 
  Import took 0.122874 seconds .

========================================================================
Received Import Request.
  Time since last request: 9.367046 seconds.
  path: Assets/Audio/Note sounds/4th_octave/C.mkv
  artifactKey: Guid(bd63f70cbcf9e7248a678b7ddc5c6341) Importer(815301076,1909f56bfc062723c751e8b465ee728b)
Start importing Assets/Audio/Note sounds/4th_octave/C.mkv using Guid(bd63f70cbcf9e7248a678b7ddc5c6341) Importer(815301076,1909f56bfc062723c751e8b465ee728b)  -> (artifact id: 'b74536af67de0d1cbf5391d9baa0f223') in 0.149159 seconds 
  Import took 0.174220 seconds .

========================================================================
Received Import Request.
  Time since last request: 982.780876 seconds.
  path: Assets/Audio/Note sounds/4th_octave/MOV/A.mov
  artifactKey: Guid(b0a0fce77705d5c439d142be014a2696) Importer(815301076,1909f56bfc062723c751e8b465ee728b)
Start importing Assets/Audio/Note sounds/4th_octave/MOV/A.mov using Guid(b0a0fce77705d5c439d142be014a2696) Importer(815301076,1909f56bfc062723c751e8b465ee728b)  -> (artifact id: 'fd60bb80ad01be590f84bb9d52135942') in 0.012624 seconds 
  Import took 0.050874 seconds .

========================================================================
Received Import Request.
  Time since last request: 0.000202 seconds.
  path: Assets/Audio/Note sounds/4th_octave/MOV
  artifactKey: Guid(be5569bd71ef48042bcbfd7d287feb6f) Importer(815301076,1909f56bfc062723c751e8b465ee728b)
Start importing Assets/Audio/Note sounds/4th_octave/MOV using Guid(be5569bd71ef48042bcbfd7d287feb6f) Importer(815301076,1909f56bfc062723c751e8b465ee728b)  -> (artifact id: 'd67882d82b50cbf29e9e3791b9653ee7') in 0.027449 seconds 
  Import took 0.051305 seconds .

========================================================================
Received Import Request.
  Time since last request: 0.000243 seconds.
  path: Assets/Audio/Note sounds/4th_octave/MOV/G.mov
  artifactKey: Guid(c9b3734d094a84b449cdadef0c4e76b9) Importer(815301076,1909f56bfc062723c751e8b465ee728b)
Start importing Assets/Audio/Note sounds/4th_octave/MOV/G.mov using Guid(c9b3734d094a84b449cdadef0c4e76b9) Importer(815301076,1909f56bfc062723c751e8b465ee728b)  -> (artifact id: 'c30e02f9297de6e4257618993ca5cdb9') in 0.012775 seconds 
  Import took 0.024327 seconds .

========================================================================
Received Import Request.
  Time since last request: 0.000261 seconds.
  path: Assets/Audio/Note sounds/4th_octave/MOV/D.mov
  artifactKey: Guid(25e3aea629e8ac444adc0566de3e604f) Importer(815301076,1909f56bfc062723c751e8b465ee728b)
Start importing Assets/Audio/Note sounds/4th_octave/MOV/D.mov using Guid(25e3aea629e8ac444adc0566de3e604f) Importer(815301076,1909f56bfc062723c751e8b465ee728b)  -> (artifact id: '1c5f8b79f6a3087f393aa4fa7bc5ff68') in 0.010658 seconds 
  Import took 0.023001 seconds .

========================================================================
Received Import Request.
  Time since last request: 0.000265 seconds.
  path: Assets/Audio/Note sounds/4th_octave/MOV/B.mov
  artifactKey: Guid(898d86ab2a77d324a88e535ed6e94c51) Importer(815301076,1909f56bfc062723c751e8b465ee728b)
Start importing Assets/Audio/Note sounds/4th_octave/MOV/B.mov using Guid(898d86ab2a77d324a88e535ed6e94c51) Importer(815301076,1909f56bfc062723c751e8b465ee728b)  -> (artifact id: '44b46ff49d730b7ce752aca89ecc3b54') in 0.009809 seconds 
  Import took 0.031142 seconds .

========================================================================
Received Import Request.
  Time since last request: 0.000284 seconds.
  path: Assets/Audio/Note sounds/4th_octave/MOV/E.mov
  artifactKey: Guid(8aaf51059af6f44488fe0452c4cab9c3) Importer(815301076,1909f56bfc062723c751e8b465ee728b)
Start importing Assets/Audio/Note sounds/4th_octave/MOV/E.mov using Guid(8aaf51059af6f44488fe0452c4cab9c3) Importer(815301076,1909f56bfc062723c751e8b465ee728b)  -> (artifact id: '07677e7db0caba7aec629535b738b709') in 0.008339 seconds 
  Import took 0.034232 seconds .

========================================================================
Received Import Request.
  Time since last request: 0.000242 seconds.
  path: Assets/Audio/Note sounds/4th_octave/MOV/C.mov
  artifactKey: Guid(3eacfe7852cb54b478f3cbaa03dd9686) Importer(815301076,1909f56bfc062723c751e8b465ee728b)
Start importing Assets/Audio/Note sounds/4th_octave/MOV/C.mov using Guid(3eacfe7852cb54b478f3cbaa03dd9686) Importer(815301076,1909f56bfc062723c751e8b465ee728b)  -> (artifact id: 'c90568a90ee9fce016105b01b981d14d') in 0.003798 seconds 
  Import took 0.017973 seconds .

========================================================================
Received Import Request.
  Time since last request: 0.000229 seconds.
  path: Assets/Audio/Note sounds/4th_octave/MOV/F.mov
  artifactKey: Guid(dbc480614dc060e4ebfead768f7060dd) Importer(815301076,1909f56bfc062723c751e8b465ee728b)
Start importing Assets/Audio/Note sounds/4th_octave/MOV/F.mov using Guid(dbc480614dc060e4ebfead768f7060dd) Importer(815301076,1909f56bfc062723c751e8b465ee728b)  -> (artifact id: 'd6d5f5a1adce46a4b591b9dd0405405b') in 0.011254 seconds 
  Import took 0.020511 seconds .

========================================================================
Received Import Request.
  Time since last request: 6038.905278 seconds.
  path: Assets/Audio/Note sounds/4th_octave/G.mkv
  artifactKey: Guid(434d5d58806fea24a95b548369fa536a) Importer(815301076,1909f56bfc062723c751e8b465ee728b)
Start importing Assets/Audio/Note sounds/4th_octave/G.mkv using Guid(434d5d58806fea24a95b548369fa536a) Importer(815301076,1909f56bfc062723c751e8b465ee728b)  -> (artifact id: '6e65b37b39d2a7d7dcaf45fba528196a') in 0.008583 seconds 
  Import took 0.040453 seconds .

========================================================================
Received Import Request.
  Time since last request: 0.855748 seconds.
  path: Assets/Audio/Note sounds/4th_octave/A#.mkv
  artifactKey: Guid(96ae8b967476cd248ac9630ae1076790) Importer(815301076,1909f56bfc062723c751e8b465ee728b)
Start importing Assets/Audio/Note sounds/4th_octave/A#.mkv using Guid(96ae8b967476cd248ac9630ae1076790) Importer(815301076,1909f56bfc062723c751e8b465ee728b)  -> (artifact id: '7645329658c83f27da0a2457857f2518') in 0.008887 seconds 
  Import took 0.063756 seconds .

========================================================================
Received Import Request.
  Time since last request: 4.444976 seconds.
  path: Assets/Audio/Note sounds/4th_octave/wav
  artifactKey: Guid(4a18a59373de00c48937b49f932d54ba) Importer(815301076,1909f56bfc062723c751e8b465ee728b)
Start importing Assets/Audio/Note sounds/4th_octave/wav using Guid(4a18a59373de00c48937b49f932d54ba) Importer(815301076,1909f56bfc062723c751e8b465ee728b)  -> (artifact id: '111938acd0e3ed2d48fc030161ef7a05') in 0.007552 seconds 
  Import took 0.014773 seconds .

========================================================================
Received Import Request.
  Time since last request: 0.860040 seconds.
  path: Assets/Audio/Note sounds/4th_octave/wav/A_AdobeCreativeCloudExpress.wav
  artifactKey: Guid(ca5e3bc23040d3f4fa6da6b0876076ea) Importer(815301076,1909f56bfc062723c751e8b465ee728b)
Start importing Assets/Audio/Note sounds/4th_octave/wav/A_AdobeCreativeCloudExpress.wav using Guid(ca5e3bc23040d3f4fa6da6b0876076ea) Importer(815301076,1909f56bfc062723c751e8b465ee728b)  -> (artifact id: '7282762afa986b1c360aecb77fd104bc') in 0.274541 seconds 
  Import took 0.296808 seconds .

========================================================================
Received Import Request.
  Time since last request: 0.000259 seconds.
  path: Assets/Audio/Note sounds/4th_octave/wav/F_AdobeCreativeCloudExpress.wav
  artifactKey: Guid(6b78eb5356f5b3a41bb59e4161cb6458) Importer(815301076,1909f56bfc062723c751e8b465ee728b)
Start importing Assets/Audio/Note sounds/4th_octave/wav/F_AdobeCreativeCloudExpress.wav using Guid(6b78eb5356f5b3a41bb59e4161cb6458) Importer(815301076,1909f56bfc062723c751e8b465ee728b)  -> (artifact id: '2bb3284066ea898f51749bb125b2e8e8') in 0.032487 seconds 
  Import took 0.075420 seconds .

========================================================================
Received Import Request.
  Time since last request: 0.000338 seconds.
  path: Assets/Audio/Note sounds/4th_octave/wav/E_AdobeCreativeCloudExpress.wav
  artifactKey: Guid(db88fc36f19b064488bac2d0843d2a80) Importer(815301076,1909f56bfc062723c751e8b465ee728b)
Start importing Assets/Audio/Note sounds/4th_octave/wav/E_AdobeCreativeCloudExpress.wav using Guid(db88fc36f19b064488bac2d0843d2a80) Importer(815301076,1909f56bfc062723c751e8b465ee728b)  -> (artifact id: 'a58aeda307d7cabf4997b450e61c15d7') in 0.123248 seconds 
  Import took 0.194232 seconds .

========================================================================
Received Import Request.
  Time since last request: 0.000255 seconds.
  path: Assets/Audio/Note sounds/4th_octave/wav/D_AdobeCreativeCloudExpress.wav
  artifactKey: Guid(778396fffd49c544bb2168e56ecc68df) Importer(815301076,1909f56bfc062723c751e8b465ee728b)
Start importing Assets/Audio/Note sounds/4th_octave/wav/D_AdobeCreativeCloudExpress.wav using Guid(778396fffd49c544bb2168e56ecc68df) Importer(815301076,1909f56bfc062723c751e8b465ee728b)  -> (artifact id: '8a3a4be92deb9abece6233b815eed995') in 0.045853 seconds 
  Import took 0.051365 seconds .

========================================================================
Received Import Request.
  Time since last request: 0.000314 seconds.
  path: Assets/Audio/Note sounds/4th_octave/wav/G_AdobeCreativeCloudExpress.wav
  artifactKey: Guid(299a8b45675278e45abbb109602ad77b) Importer(815301076,1909f56bfc062723c751e8b465ee728b)
Start importing Assets/Audio/Note sounds/4th_octave/wav/G_AdobeCreativeCloudExpress.wav using Guid(299a8b45675278e45abbb109602ad77b) Importer(815301076,1909f56bfc062723c751e8b465ee728b)  -> (artifact id: '6b50ea876a78392a7acfd786057c2f1e') in 0.043319 seconds 
  Import took 0.085569 seconds .

========================================================================
Received Import Request.
  Time since last request: 0.000303 seconds.
  path: Assets/Audio/Note sounds/4th_octave/wav/C_AdobeCreativeCloudExpress.wav
  artifactKey: Guid(bb96f210e14d8354ea442f155577ec26) Importer(815301076,1909f56bfc062723c751e8b465ee728b)
Start importing Assets/Audio/Note sounds/4th_octave/wav/C_AdobeCreativeCloudExpress.wav using Guid(bb96f210e14d8354ea442f155577ec26) Importer(815301076,1909f56bfc062723c751e8b465ee728b)  -> (artifact id: '48d293ee073c07cfd0cfb21d77fd46b3') in 0.037864 seconds 
  Import took 0.063004 seconds .

========================================================================
Received Import Request.
  Time since last request: 0.000323 seconds.
  path: Assets/Audio/Note sounds/4th_octave/wav/B_AdobeCreativeCloudExpress.wav
  artifactKey: Guid(f49316f6c276d5f4b9889bac41cd41f4) Importer(815301076,1909f56bfc062723c751e8b465ee728b)
Start importing Assets/Audio/Note sounds/4th_octave/wav/B_AdobeCreativeCloudExpress.wav using Guid(f49316f6c276d5f4b9889bac41cd41f4) Importer(815301076,1909f56bfc062723c751e8b465ee728b)  -> (artifact id: 'b3ecbfb02c3ac5575cbe7cbe15c94ac5') in 0.060028 seconds 
  Import took 0.088857 seconds .

========================================================================
Received Import Request.
  Time since last request: 47.674056 seconds.
  path: Assets/Audio/Note sounds/5th_octave
  artifactKey: Guid(d189966a679d1724eab776d84369141c) Importer(815301076,1909f56bfc062723c751e8b465ee728b)
Start importing Assets/Audio/Note sounds/5th_octave using Guid(d189966a679d1724eab776d84369141c) Importer(815301076,1909f56bfc062723c751e8b465ee728b)  -> (artifact id: '5341752ac90e4fe18bb0da674749ff9c') in 0.008057 seconds 
  Import took 0.057918 seconds .

========================================================================
Received Import Request.
  Time since last request: 0.837543 seconds.
  path: Assets/Audio/Note sounds/5th_octave/A#.mkv
  artifactKey: Guid(efdd933fafd87df47a7567aedba4a60f) Importer(815301076,1909f56bfc062723c751e8b465ee728b)
Start importing Assets/Audio/Note sounds/5th_octave/A#.mkv using Guid(efdd933fafd87df47a7567aedba4a60f) Importer(815301076,1909f56bfc062723c751e8b465ee728b)  -> (artifact id: '84ff16df20b121c81aa3004a3214076a') in 0.036573 seconds 
  Import took 0.070401 seconds .

========================================================================
Received Import Request.
  Time since last request: 3.778525 seconds.
  path: Assets/Audio/Note sounds/5th_octave/mov
  artifactKey: Guid(8a21cf4464b6edd4c89090bdadeaded9) Importer(815301076,1909f56bfc062723c751e8b465ee728b)
Start importing Assets/Audio/Note sounds/5th_octave/mov using Guid(8a21cf4464b6edd4c89090bdadeaded9) Importer(815301076,1909f56bfc062723c751e8b465ee728b)  -> (artifact id: 'dac3a6dcc24cd16582fa16342e22df70') in 0.008809 seconds 
  Import took 0.058466 seconds .

========================================================================
Received Import Request.
  Time since last request: 5.958783 seconds.
  path: Assets/Audio/Note sounds/4th_octave/mp4
  artifactKey: Guid(23f0b97169886a84b965f4aac6ddb0a2) Importer(815301076,1909f56bfc062723c751e8b465ee728b)
Start importing Assets/Audio/Note sounds/4th_octave/mp4 using Guid(23f0b97169886a84b965f4aac6ddb0a2) Importer(815301076,1909f56bfc062723c751e8b465ee728b)  -> (artifact id: '1dd9bb6e7b3b31678b59eebe8b4c42aa') in 0.008473 seconds 
  Import took 0.036191 seconds .

========================================================================
Received Import Request.
  Time since last request: 4.584084 seconds.
  path: Assets/Audio/Note sounds/5th_octave/wav
  artifactKey: Guid(d6850fd11994eea4f948cba40dae0161) Importer(815301076,1909f56bfc062723c751e8b465ee728b)
Start importing Assets/Audio/Note sounds/5th_octave/wav using Guid(d6850fd11994eea4f948cba40dae0161) Importer(815301076,1909f56bfc062723c751e8b465ee728b)  -> (artifact id: '28a3317ed8873a3916b37b39f2a5fd65') in 0.003463 seconds 
  Import took 0.048351 seconds .

========================================================================
Received Import Request.
  Time since last request: 0.037606 seconds.
  path: Assets/Audio/Note sounds/5th_octave/wav/A.wav
  artifactKey: Guid(5f6dac88fb490844089710cdfa705aeb) Importer(815301076,1909f56bfc062723c751e8b465ee728b)
Start importing Assets/Audio/Note sounds/5th_octave/wav/A.wav using Guid(5f6dac88fb490844089710cdfa705aeb) Importer(815301076,1909f56bfc062723c751e8b465ee728b)  -> (artifact id: '2d67f4780f7146b00bb3b33d11415f6b') in 0.015258 seconds 
  Import took 0.038121 seconds .

========================================================================
Received Import Request.
  Time since last request: 0.000214 seconds.
  path: Assets/Audio/Note sounds/5th_octave/wav/D.wav
  artifactKey: Guid(5d1675046ffff954886bdd9536646b07) Importer(815301076,1909f56bfc062723c751e8b465ee728b)
Start importing Assets/Audio/Note sounds/5th_octave/wav/D.wav using Guid(5d1675046ffff954886bdd9536646b07) Importer(815301076,1909f56bfc062723c751e8b465ee728b)  -> (artifact id: '00e10f452aadbea543df45cf48d0fad4') in 0.016101 seconds 
  Import took 0.034673 seconds .

========================================================================
Received Import Request.
  Time since last request: 0.000270 seconds.
  path: Assets/Audio/Note sounds/5th_octave/wav/B.wav
  artifactKey: Guid(e572bce7aaf36f4409675bf876cab660) Importer(815301076,1909f56bfc062723c751e8b465ee728b)
Start importing Assets/Audio/Note sounds/5th_octave/wav/B.wav using Guid(e572bce7aaf36f4409675bf876cab660) Importer(815301076,1909f56bfc062723c751e8b465ee728b)  -> (artifact id: 'e135bed4d52d9ab3774e44420c14c0aa') in 0.016022 seconds 
  Import took 0.030006 seconds .

========================================================================
Received Import Request.
  Time since last request: 0.000271 seconds.
  path: Assets/Audio/Note sounds/5th_octave/wav/E.wav
  artifactKey: Guid(4c7523165fd5c0a4e8fcdb4c5ac7d8a1) Importer(815301076,1909f56bfc062723c751e8b465ee728b)
Start importing Assets/Audio/Note sounds/5th_octave/wav/E.wav using Guid(4c7523165fd5c0a4e8fcdb4c5ac7d8a1) Importer(815301076,1909f56bfc062723c751e8b465ee728b)  -> (artifact id: 'cf2527a0676f8facc317298bf1142f65') in 0.037147 seconds 
  Import took 0.065148 seconds .

========================================================================
Received Import Request.
  Time since last request: 0.000262 seconds.
  path: Assets/Audio/Note sounds/5th_octave/wav/F.wav
  artifactKey: Guid(b07888ec13d6bf64a88b1f0a8c129bcd) Importer(815301076,1909f56bfc062723c751e8b465ee728b)
Start importing Assets/Audio/Note sounds/5th_octave/wav/F.wav using Guid(b07888ec13d6bf64a88b1f0a8c129bcd) Importer(815301076,1909f56bfc062723c751e8b465ee728b)  -> (artifact id: '7789770756f472983bf6d2976423f9bb') in 0.015736 seconds 
  Import took 0.074088 seconds .

========================================================================
Received Import Request.
  Time since last request: 0.000267 seconds.
  path: Assets/Audio/Note sounds/5th_octave/wav/G.wav
  artifactKey: Guid(798e16c076834a74daf35e3ea1656d3b) Importer(815301076,1909f56bfc062723c751e8b465ee728b)
Start importing Assets/Audio/Note sounds/5th_octave/wav/G.wav using Guid(798e16c076834a74daf35e3ea1656d3b) Importer(815301076,1909f56bfc062723c751e8b465ee728b)  -> (artifact id: '7e0cc4c2ebc099bb5686a94e98322408') in 0.015585 seconds 
  Import took 0.040841 seconds .

========================================================================
Received Import Request.
  Time since last request: 0.000277 seconds.
  path: Assets/Audio/Note sounds/5th_octave/wav/C.wav
  artifactKey: Guid(b3d1052f80532764e90b6b9d41c97e4c) Importer(815301076,1909f56bfc062723c751e8b465ee728b)
Start importing Assets/Audio/Note sounds/5th_octave/wav/C.wav using Guid(b3d1052f80532764e90b6b9d41c97e4c) Importer(815301076,1909f56bfc062723c751e8b465ee728b)  -> (artifact id: 'f23c2bf26bb4f434cb4f44b78721947d') in 0.015432 seconds 
  Import took 0.030171 seconds .

========================================================================
Received Prepare
Registering precompiled user dll's ...
Registered in 0.769576 seconds.
Begin MonoManager ReloadAssembly
Native extension for WindowsStandalone target not found
Refreshing native plugins compatible for Editor in 2.37 ms, found 21 plugins.
Preloading 1 native plugins for Editor in 14.91 ms.
Mono: successfully reloaded assembly
- Completed reload, in  1.646 seconds
Domain Reload Profiling:
	ReloadAssembly (1647ms)
		BeginReloadAssembly (183ms)
			ExecutionOrderSort (0ms)
			DisableScriptedObjects (6ms)
			BackupInstance (0ms)
			ReleaseScriptingObjects (0ms)
			CreateAndSetChildDomain (62ms)
		EndReloadAssembly (1381ms)
			LoadAssemblies (161ms)
			RebuildTransferFunctionScriptingTraits (0ms)
			SetupTypeCache (421ms)
			ReleaseScriptCaches (1ms)
			RebuildScriptCaches (48ms)
			SetupLoadedEditorAssemblies (516ms)
				LogAssemblyErrors (0ms)
				InitializePlatformSupportModulesInManaged (5ms)
				SetLoadedEditorAssemblies (1ms)
				RefreshPlugins (17ms)
				BeforeProcessingInitializeOnLoad (158ms)
				ProcessInitializeOnLoadAttributes (317ms)
				ProcessInitializeOnLoadMethodAttributes (7ms)
				AfterProcessingInitializeOnLoad (12ms)
				EditorAssembliesLoaded (0ms)
			ExecutionOrderSort2 (0ms)
			AwakeInstancesAfterBackupRestoration (12ms)
Platform modules already initialized, skipping
Refreshing native plugins compatible for Editor in 1.85 ms, found 21 plugins.
Preloading 1 native plugins for Editor in 0.20 ms.
Unloading 4102 Unused Serialized files (Serialized files now loaded: 0)
System memory in use before: 247.3 MB.
System memory in use after: 247.5 MB.

Unloading 72 unused Assets to reduce memory usage. Loaded Objects now: 4702.
Total: 5.640100 ms (FindLiveObjects: 0.468000 ms CreateObjectMapping: 0.444100 ms MarkObjects: 4.674100 ms  DeleteObjects: 0.051000 ms)

AssetImportParameters requested are different than current active one (requested -> active):
  custom:framework-win-MediaFoundation: 216162199b28c13a410421893ffa2e32 -> 
  custom:video-decoder-ogg-theora: a1e56fd34408186e4bbccfd4996cb3dc -> 
  custom:container-muxer-webm: aa71ff27fc2769a1b78a27578f13a17b -> 
  custom:container-demuxer-webm: 4f35f7cbe854078d1ac9338744f61a02 -> 
  custom:container-demuxer-ogg: 62fdf1f143b41e24485cea50d1cbac27 -> 
  custom:video-encoder-webm-vp8: eb34c28f22e8b96e1ab97ce403110664 -> 
  custom:video-decoder-webm-vp8: 9c59270c3fd7afecdb556c50c9e8de78 -> 
  custom:audio-decoder-ogg-vorbis: bf7c407c2cedff20999df2af8eb42d56 -> 
  custom:audio-encoder-webm-vorbis: bf7c407c2cedff20999df2af8eb42d56 -> 
========================================================================
Received Prepare
Registering precompiled user dll's ...
Registered in 1.003202 seconds.
Begin MonoManager ReloadAssembly
Native extension for WindowsStandalone target not found
Refreshing native plugins compatible for Editor in 1.84 ms, found 21 plugins.
Preloading 1 native plugins for Editor in 0.35 ms.
Mono: successfully reloaded assembly
- Completed reload, in  1.787 seconds
Domain Reload Profiling:
	ReloadAssembly (1788ms)
		BeginReloadAssembly (178ms)
			ExecutionOrderSort (0ms)
			DisableScriptedObjects (6ms)
			BackupInstance (0ms)
			ReleaseScriptingObjects (0ms)
			CreateAndSetChildDomain (51ms)
		EndReloadAssembly (1505ms)
			LoadAssemblies (170ms)
			RebuildTransferFunctionScriptingTraits (0ms)
			SetupTypeCache (446ms)
			ReleaseScriptCaches (2ms)
			RebuildScriptCaches (63ms)
			SetupLoadedEditorAssemblies (592ms)
				LogAssemblyErrors (0ms)
				InitializePlatformSupportModulesInManaged (6ms)
				SetLoadedEditorAssemblies (1ms)
				RefreshPlugins (2ms)
				BeforeProcessingInitializeOnLoad (174ms)
				ProcessInitializeOnLoadAttributes (386ms)
				ProcessInitializeOnLoadMethodAttributes (10ms)
				AfterProcessingInitializeOnLoad (14ms)
				EditorAssembliesLoaded (0ms)
			ExecutionOrderSort2 (0ms)
			AwakeInstancesAfterBackupRestoration (11ms)
Platform modules already initialized, skipping
Refreshing native plugins compatible for Editor in 1.73 ms, found 21 plugins.
Preloading 1 native plugins for Editor in 0.20 ms.
Unloading 4102 Unused Serialized files (Serialized files now loaded: 0)
System memory in use before: 247.4 MB.
System memory in use after: 247.6 MB.

Unloading 72 unused Assets to reduce memory usage. Loaded Objects now: 4705.
Total: 5.082000 ms (FindLiveObjects: 0.550500 ms CreateObjectMapping: 0.333800 ms MarkObjects: 4.150900 ms  DeleteObjects: 0.045600 ms)

AssetImportParameters requested are different than current active one (requested -> active):
  custom:framework-win-MediaFoundation: 216162199b28c13a410421893ffa2e32 -> 
  custom:video-decoder-ogg-theora: a1e56fd34408186e4bbccfd4996cb3dc -> 
  custom:container-muxer-webm: aa71ff27fc2769a1b78a27578f13a17b -> 
  custom:container-demuxer-webm: 4f35f7cbe854078d1ac9338744f61a02 -> 
  custom:container-demuxer-ogg: 62fdf1f143b41e24485cea50d1cbac27 -> 
  custom:video-encoder-webm-vp8: eb34c28f22e8b96e1ab97ce403110664 -> 
  custom:video-decoder-webm-vp8: 9c59270c3fd7afecdb556c50c9e8de78 -> 
  custom:audio-decoder-ogg-vorbis: bf7c407c2cedff20999df2af8eb42d56 -> 
  custom:audio-encoder-webm-vorbis: bf7c407c2cedff20999df2af8eb42d56 -> 
========================================================================
Received Prepare
Registering precompiled user dll's ...
Registered in 0.048815 seconds.
Begin MonoManager ReloadAssembly
Native extension for WindowsStandalone target not found
Refreshing native plugins compatible for Editor in 2.14 ms, found 21 plugins.
Preloading 1 native plugins for Editor in 0.25 ms.
Mono: successfully reloaded assembly
- Completed reload, in  2.095 seconds
Domain Reload Profiling:
	ReloadAssembly (2096ms)
		BeginReloadAssembly (226ms)
			ExecutionOrderSort (0ms)
			DisableScriptedObjects (5ms)
			BackupInstance (0ms)
			ReleaseScriptingObjects (0ms)
			CreateAndSetChildDomain (48ms)
		EndReloadAssembly (1687ms)
			LoadAssemblies (264ms)
			RebuildTransferFunctionScriptingTraits (0ms)
			SetupTypeCache (629ms)
			ReleaseScriptCaches (1ms)
			RebuildScriptCaches (81ms)
			SetupLoadedEditorAssemblies (539ms)
				LogAssemblyErrors (0ms)
				InitializePlatformSupportModulesInManaged (5ms)
				SetLoadedEditorAssemblies (1ms)
				RefreshPlugins (2ms)
				BeforeProcessingInitializeOnLoad (169ms)
				ProcessInitializeOnLoadAttributes (339ms)
				ProcessInitializeOnLoadMethodAttributes (9ms)
				AfterProcessingInitializeOnLoad (14ms)
				EditorAssembliesLoaded (0ms)
			ExecutionOrderSort2 (0ms)
			AwakeInstancesAfterBackupRestoration (11ms)
Platform modules already initialized, skipping
Refreshing native plugins compatible for Editor in 1.58 ms, found 21 plugins.
Preloading 1 native plugins for Editor in 0.15 ms.
Unloading 4102 Unused Serialized files (Serialized files now loaded: 0)
System memory in use before: 247.4 MB.
System memory in use after: 247.7 MB.

Unloading 72 unused Assets to reduce memory usage. Loaded Objects now: 4708.
Total: 5.933100 ms (FindLiveObjects: 0.509400 ms CreateObjectMapping: 0.378700 ms MarkObjects: 4.996100 ms  DeleteObjects: 0.047400 ms)

AssetImportParameters requested are different than current active one (requested -> active):
  custom:framework-win-MediaFoundation: 216162199b28c13a410421893ffa2e32 -> 
  custom:video-decoder-ogg-theora: a1e56fd34408186e4bbccfd4996cb3dc -> 
  custom:container-muxer-webm: aa71ff27fc2769a1b78a27578f13a17b -> 
  custom:container-demuxer-webm: 4f35f7cbe854078d1ac9338744f61a02 -> 
  custom:container-demuxer-ogg: 62fdf1f143b41e24485cea50d1cbac27 -> 
  custom:video-encoder-webm-vp8: eb34c28f22e8b96e1ab97ce403110664 -> 
  custom:video-decoder-webm-vp8: 9c59270c3fd7afecdb556c50c9e8de78 -> 
  custom:audio-decoder-ogg-vorbis: bf7c407c2cedff20999df2af8eb42d56 -> 
  custom:audio-encoder-webm-vorbis: bf7c407c2cedff20999df2af8eb42d56 -> 
========================================================================
Received Prepare
Registering precompiled user dll's ...
Registered in 1.332079 seconds.
Begin MonoManager ReloadAssembly
Native extension for WindowsStandalone target not found
Refreshing native plugins compatible for Editor in 1.78 ms, found 21 plugins.
Preloading 1 native plugins for Editor in 0.25 ms.
Mono: successfully reloaded assembly
- Completed reload, in  1.538 seconds
Domain Reload Profiling:
	ReloadAssembly (1539ms)
		BeginReloadAssembly (146ms)
			ExecutionOrderSort (0ms)
			DisableScriptedObjects (4ms)
			BackupInstance (0ms)
			ReleaseScriptingObjects (0ms)
			CreateAndSetChildDomain (46ms)
		EndReloadAssembly (1302ms)
			LoadAssemblies (153ms)
			RebuildTransferFunctionScriptingTraits (0ms)
			SetupTypeCache (386ms)
			ReleaseScriptCaches (1ms)
			RebuildScriptCaches (50ms)
			SetupLoadedEditorAssemblies (486ms)
				LogAssemblyErrors (0ms)
				InitializePlatformSupportModulesInManaged (5ms)
				SetLoadedEditorAssemblies (1ms)
				RefreshPlugins (2ms)
				BeforeProcessingInitializeOnLoad (150ms)
				ProcessInitializeOnLoadAttributes (307ms)
				ProcessInitializeOnLoadMethodAttributes (8ms)
				AfterProcessingInitializeOnLoad (13ms)
				EditorAssembliesLoaded (0ms)
			ExecutionOrderSort2 (0ms)
			AwakeInstancesAfterBackupRestoration (10ms)
Platform modules already initialized, skipping
Refreshing native plugins compatible for Editor in 1.45 ms, found 21 plugins.
Preloading 1 native plugins for Editor in 0.25 ms.
Unloading 4102 Unused Serialized files (Serialized files now loaded: 0)
System memory in use before: 247.4 MB.
System memory in use after: 247.7 MB.

Unloading 72 unused Assets to reduce memory usage. Loaded Objects now: 4711.
Total: 4.910800 ms (FindLiveObjects: 0.394600 ms CreateObjectMapping: 0.168800 ms MarkObjects: 4.291800 ms  DeleteObjects: 0.054200 ms)

AssetImportParameters requested are different than current active one (requested -> active):
  custom:framework-win-MediaFoundation: 216162199b28c13a410421893ffa2e32 -> 
  custom:video-decoder-ogg-theora: a1e56fd34408186e4bbccfd4996cb3dc -> 
  custom:container-muxer-webm: aa71ff27fc2769a1b78a27578f13a17b -> 
  custom:container-demuxer-webm: 4f35f7cbe854078d1ac9338744f61a02 -> 
  custom:container-demuxer-ogg: 62fdf1f143b41e24485cea50d1cbac27 -> 
  custom:video-encoder-webm-vp8: eb34c28f22e8b96e1ab97ce403110664 -> 
  custom:video-decoder-webm-vp8: 9c59270c3fd7afecdb556c50c9e8de78 -> 
  custom:audio-decoder-ogg-vorbis: bf7c407c2cedff20999df2af8eb42d56 -> 
  custom:audio-encoder-webm-vorbis: bf7c407c2cedff20999df2af8eb42d56 -> 
========================================================================
Received Prepare
Registering precompiled user dll's ...
Registered in 0.044777 seconds.
Begin MonoManager ReloadAssembly
Native extension for WindowsStandalone target not found
Refreshing native plugins compatible for Editor in 1.44 ms, found 21 plugins.
Preloading 1 native plugins for Editor in 0.24 ms.
Mono: successfully reloaded assembly
- Completed reload, in  1.838 seconds
Domain Reload Profiling:
	ReloadAssembly (1838ms)
		BeginReloadAssembly (158ms)
			ExecutionOrderSort (0ms)
			DisableScriptedObjects (4ms)
			BackupInstance (0ms)
			ReleaseScriptingObjects (0ms)
			CreateAndSetChildDomain (47ms)
		EndReloadAssembly (1587ms)
			LoadAssemblies (175ms)
			RebuildTransferFunctionScriptingTraits (0ms)
			SetupTypeCache (560ms)
			ReleaseScriptCaches (2ms)
			RebuildScriptCaches (71ms)
			SetupLoadedEditorAssemblies (567ms)
				LogAssemblyErrors (0ms)
				InitializePlatformSupportModulesInManaged (5ms)
				SetLoadedEditorAssemblies (1ms)
				RefreshPlugins (2ms)
				BeforeProcessingInitializeOnLoad (167ms)
				ProcessInitializeOnLoadAttributes (371ms)
				ProcessInitializeOnLoadMethodAttributes (8ms)
				AfterProcessingInitializeOnLoad (13ms)
				EditorAssembliesLoaded (1ms)
			ExecutionOrderSort2 (0ms)
			AwakeInstancesAfterBackupRestoration (11ms)
Platform modules already initialized, skipping
Refreshing native plugins compatible for Editor in 1.48 ms, found 21 plugins.
Preloading 1 native plugins for Editor in 0.24 ms.
Unloading 4102 Unused Serialized files (Serialized files now loaded: 0)
System memory in use before: 247.4 MB.
System memory in use after: 247.7 MB.

Unloading 72 unused Assets to reduce memory usage. Loaded Objects now: 4714.
Total: 10.737400 ms (FindLiveObjects: 0.671800 ms CreateObjectMapping: 0.409500 ms MarkObjects: 9.600900 ms  DeleteObjects: 0.053400 ms)

AssetImportParameters requested are different than current active one (requested -> active):
  custom:framework-win-MediaFoundation: 216162199b28c13a410421893ffa2e32 -> 
  custom:video-decoder-ogg-theora: a1e56fd34408186e4bbccfd4996cb3dc -> 
  custom:container-muxer-webm: aa71ff27fc2769a1b78a27578f13a17b -> 
  custom:container-demuxer-webm: 4f35f7cbe854078d1ac9338744f61a02 -> 
  custom:container-demuxer-ogg: 62fdf1f143b41e24485cea50d1cbac27 -> 
  custom:video-encoder-webm-vp8: eb34c28f22e8b96e1ab97ce403110664 -> 
  custom:video-decoder-webm-vp8: 9c59270c3fd7afecdb556c50c9e8de78 -> 
  custom:audio-decoder-ogg-vorbis: bf7c407c2cedff20999df2af8eb42d56 -> 
  custom:audio-encoder-webm-vorbis: bf7c407c2cedff20999df2af8eb42d56 -> 
========================================================================
Received Prepare
Registering precompiled user dll's ...
Registered in 0.084573 seconds.
Begin MonoManager ReloadAssembly
Native extension for WindowsStandalone target not found
Refreshing native plugins compatible for Editor in 1.61 ms, found 21 plugins.
Preloading 1 native plugins for Editor in 0.18 ms.
Mono: successfully reloaded assembly
- Completed reload, in  1.716 seconds
Domain Reload Profiling:
	ReloadAssembly (1716ms)
		BeginReloadAssembly (165ms)
			ExecutionOrderSort (0ms)
			DisableScriptedObjects (5ms)
			BackupInstance (0ms)
			ReleaseScriptingObjects (0ms)
			CreateAndSetChildDomain (46ms)
		EndReloadAssembly (1458ms)
			LoadAssemblies (177ms)
			RebuildTransferFunctionScriptingTraits (0ms)
			SetupTypeCache (423ms)
			ReleaseScriptCaches (2ms)
			RebuildScriptCaches (62ms)
			SetupLoadedEditorAssemblies (623ms)
				LogAssemblyErrors (0ms)
				InitializePlatformSupportModulesInManaged (6ms)
				SetLoadedEditorAssemblies (1ms)
				RefreshPlugins (2ms)
				BeforeProcessingInitializeOnLoad (197ms)
				ProcessInitializeOnLoadAttributes (393ms)
				ProcessInitializeOnLoadMethodAttributes (9ms)
				AfterProcessingInitializeOnLoad (15ms)
				EditorAssembliesLoaded (0ms)
			ExecutionOrderSort2 (0ms)
			AwakeInstancesAfterBackupRestoration (14ms)
Platform modules already initialized, skipping
Refreshing native plugins compatible for Editor in 3.14 ms, found 21 plugins.
Preloading 1 native plugins for Editor in 0.21 ms.
Unloading 4102 Unused Serialized files (Serialized files now loaded: 0)
System memory in use before: 247.5 MB.
System memory in use after: 247.7 MB.

Unloading 72 unused Assets to reduce memory usage. Loaded Objects now: 4717.
Total: 5.675200 ms (FindLiveObjects: 0.486700 ms CreateObjectMapping: 0.281300 ms MarkObjects: 4.864800 ms  DeleteObjects: 0.041300 ms)

AssetImportParameters requested are different than current active one (requested -> active):
  custom:framework-win-MediaFoundation: 216162199b28c13a410421893ffa2e32 -> 
  custom:video-decoder-ogg-theora: a1e56fd34408186e4bbccfd4996cb3dc -> 
  custom:container-muxer-webm: aa71ff27fc2769a1b78a27578f13a17b -> 
  custom:container-demuxer-webm: 4f35f7cbe854078d1ac9338744f61a02 -> 
  custom:container-demuxer-ogg: 62fdf1f143b41e24485cea50d1cbac27 -> 
  custom:video-encoder-webm-vp8: eb34c28f22e8b96e1ab97ce403110664 -> 
  custom:video-decoder-webm-vp8: 9c59270c3fd7afecdb556c50c9e8de78 -> 
  custom:audio-decoder-ogg-vorbis: bf7c407c2cedff20999df2af8eb42d56 -> 
  custom:audio-encoder-webm-vorbis: bf7c407c2cedff20999df2af8eb42d56 -> 
========================================================================
Received Prepare
Registering precompiled user dll's ...
Registered in 0.058242 seconds.
Begin MonoManager ReloadAssembly
Native extension for WindowsStandalone target not found
Refreshing native plugins compatible for Editor in 2.81 ms, found 21 plugins.
Preloading 1 native plugins for Editor in 0.30 ms.
Mono: successfully reloaded assembly
- Completed reload, in  1.877 seconds
Domain Reload Profiling:
	ReloadAssembly (1877ms)
		BeginReloadAssembly (283ms)
			ExecutionOrderSort (0ms)
			DisableScriptedObjects (7ms)
			BackupInstance (0ms)
			ReleaseScriptingObjects (0ms)
			CreateAndSetChildDomain (67ms)
		EndReloadAssembly (1452ms)
			LoadAssemblies (267ms)
			RebuildTransferFunctionScriptingTraits (0ms)
			SetupTypeCache (448ms)
			ReleaseScriptCaches (1ms)
			RebuildScriptCaches (59ms)
			SetupLoadedEditorAssemblies (587ms)
				LogAssemblyErrors (0ms)
				InitializePlatformSupportModulesInManaged (4ms)
				SetLoadedEditorAssemblies (1ms)
				RefreshPlugins (3ms)
				BeforeProcessingInitializeOnLoad (182ms)
				ProcessInitializeOnLoadAttributes (371ms)
				ProcessInitializeOnLoadMethodAttributes (9ms)
				AfterProcessingInitializeOnLoad (16ms)
				EditorAssembliesLoaded (0ms)
			ExecutionOrderSort2 (0ms)
			AwakeInstancesAfterBackupRestoration (11ms)
Platform modules already initialized, skipping
Refreshing native plugins compatible for Editor in 3.44 ms, found 21 plugins.
Preloading 1 native plugins for Editor in 0.89 ms.
Unloading 4102 Unused Serialized files (Serialized files now loaded: 0)
System memory in use before: 247.5 MB.
System memory in use after: 247.7 MB.

Unloading 72 unused Assets to reduce memory usage. Loaded Objects now: 4720.
Total: 10.371300 ms (FindLiveObjects: 1.799000 ms CreateObjectMapping: 0.868500 ms MarkObjects: 7.650400 ms  DeleteObjects: 0.052000 ms)

AssetImportParameters requested are different than current active one (requested -> active):
  custom:framework-win-MediaFoundation: 216162199b28c13a410421893ffa2e32 -> 
  custom:video-decoder-ogg-theora: a1e56fd34408186e4bbccfd4996cb3dc -> 
  custom:container-muxer-webm: aa71ff27fc2769a1b78a27578f13a17b -> 
  custom:container-demuxer-webm: 4f35f7cbe854078d1ac9338744f61a02 -> 
  custom:container-demuxer-ogg: 62fdf1f143b41e24485cea50d1cbac27 -> 
  custom:video-encoder-webm-vp8: eb34c28f22e8b96e1ab97ce403110664 -> 
  custom:video-decoder-webm-vp8: 9c59270c3fd7afecdb556c50c9e8de78 -> 
  custom:audio-decoder-ogg-vorbis: bf7c407c2cedff20999df2af8eb42d56 -> 
  custom:audio-encoder-webm-vorbis: bf7c407c2cedff20999df2af8eb42d56 -> 
AssetImportWorkerClient::OnTransportError - code=2 error=End of file
